app/build/intermediates/manifest_merge_blame_file/debug/manifest-merger-blame-debug-report.txt
1<?xml version="1.0" encoding="utf-8"?>
2<manifest xmlns:android="http://schemas.android.com/apk/res/android"
3    package="com.example.librarynitwstudent"
4    android:versionCode="1"
5    android:versionName="1.0" >
6
7    <uses-sdk
8        android:minSdkVersion="26"
8-->src\main\AndroidManifest.xml
9        android:targetSdkVersion="29" />
9-->src\main\AndroidManifest.xml
10
11    <uses-permission android:name="android.permission.READ_EXTERNAL_STORAGE" />
11-->src\main\AndroidManifest.xml:4:5-79
11-->src\main\AndroidManifest.xml:4:22-77
12    <uses-permission android:name="android.permission.WRITE_EXTERNAL_STORAGE" />
12-->src\main\AndroidManifest.xml:5:5-80
12-->src\main\AndroidManifest.xml:5:22-78
13
14    <application
14-->src\main\AndroidManifest.xml:7:5-24:19
15        android:allowBackup="true"
15-->src\main\AndroidManifest.xml:8:9-35
16        android:appComponentFactory="androidx.core.app.CoreComponentFactory"
16-->[androidx.core:core:1.3.1] AndroidManifest.xml:24:18-86
17        android:debuggable="true"
18        android:extractNativeLibs="false"
19        android:icon="@mipmap/ic_launcher"
19-->src\main\AndroidManifest.xml:9:9-43
20        android:label="@string/app_name"
20-->src\main\AndroidManifest.xml:10:9-41
21        android:roundIcon="@mipmap/ic_launcher_round"
21-->src\main\AndroidManifest.xml:11:9-54
22        android:supportsRtl="true"
22-->src\main\AndroidManifest.xml:12:9-35
23        android:testOnly="true"
24        android:theme="@style/AppTheme" >
24-->src\main\AndroidManifest.xml:13:9-40
25        <activity android:name="com.example.librarynitwstudent.Ui.MainActivity.MainActivity" />
25-->src\main\AndroidManifest.xml:14:9-65
25-->src\main\AndroidManifest.xml:14:19-63
26        <activity android:name="com.example.librarynitwstudent.Ui.AuthenticateUser" >
26-->src\main\AndroidManifest.xml:15:9-20:20
26-->src\main\AndroidManifest.xml:15:19-54
27            <intent-filter>
27-->src\main\AndroidManifest.xml:16:13-19:29
28                <action android:name="android.intent.action.MAIN" />
28-->src\main\AndroidManifest.xml:17:17-70
28-->src\main\AndroidManifest.xml:17:25-66
29
30                <category android:name="android.intent.category.LAUNCHER" />
30-->src\main\AndroidManifest.xml:18:17-77
30-->src\main\AndroidManifest.xml:18:27-74
31            </intent-filter>
32        </activity>
33        <activity
33-->src\main\AndroidManifest.xml:21:9-112
34            android:name="com.example.librarynitwstudent.Ui.MainActivity.Home.SyllabusCard"
34-->src\main\AndroidManifest.xml:21:19-68
35            android:theme="@style/AppTheme.PopupCard" />
35-->src\main\AndroidManifest.xml:21:69-110
36        <activity android:name="com.example.librarynitwstudent.Ui.LibraryContent.ContentView" />
36-->src\main\AndroidManifest.xml:22:9-67
36-->src\main\AndroidManifest.xml:22:19-64
37        <activity android:name="com.example.librarynitwstudent.Ui.PdfView" />
37-->src\main\AndroidManifest.xml:23:9-47
37-->src\main\AndroidManifest.xml:23:19-45
38
39        <provider
39-->[androidx.lifecycle:lifecycle-process:2.1.0] AndroidManifest.xml:23:9-27:43
40            android:name="androidx.lifecycle.ProcessLifecycleOwnerInitializer"
40-->[androidx.lifecycle:lifecycle-process:2.1.0] AndroidManifest.xml:24:13-79
41            android:authorities="com.example.librarynitwstudent.lifecycle-process"
41-->[androidx.lifecycle:lifecycle-process:2.1.0] AndroidManifest.xml:25:13-69
42            android:exported="false"
42-->[androidx.lifecycle:lifecycle-process:2.1.0] AndroidManifest.xml:26:13-37
43            android:multiprocess="true" />
43-->[androidx.lifecycle:lifecycle-process:2.1.0] AndroidManifest.xml:27:13-40
44    </application>
45
46</manifest>